<?xml version="1.0" encoding="UTF-8"?>
<testng-results skipped="0" failed="0" ignored="0" total="1" passed="1">
  <reporter-output>
  </reporter-output>
  <suite name="Default suite" duration-ms="592" started-at="2019-08-13T07:01:39Z" finished-at="2019-08-13T07:01:40Z">
    <groups>
    </groups>
    <test name="Default test" duration-ms="592" started-at="2019-08-13T07:01:39Z" finished-at="2019-08-13T07:01:40Z">
      <class name="CreateNestedJson">
        <test-method status="PASS" signature="databaseBaglan()[pri:0, instance:CreateNestedJson@51565ec2]" name="databaseBaglan" is-config="true" duration-ms="517" started-at="2019-08-13T07:01:39Z" finished-at="2019-08-13T07:01:40Z">
          <reporter-output>
          </reporter-output>
        </test-method> <!-- databaseBaglan -->
        <test-method status="PASS" signature="deneme()[pri:0, instance:CreateNestedJson@51565ec2]" name="deneme" duration-ms="60" started-at="2019-08-13T07:01:40Z" finished-at="2019-08-13T07:01:40Z">
          <reporter-output>
          </reporter-output>
        </test-method> <!-- deneme -->
        <test-method status="PASS" signature="databaseKapat()[pri:0, instance:CreateNestedJson@51565ec2]" name="databaseKapat" is-config="true" duration-ms="1" started-at="2019-08-13T07:01:40Z" finished-at="2019-08-13T07:01:40Z">
          <reporter-output>
          </reporter-output>
        </test-method> <!-- databaseKapat -->
      </class> <!-- CreateNestedJson -->
    </test> <!-- Default test -->
  </suite> <!-- Default suite -->
</testng-results>
